Vivado Simulator 2017.4
Copyright 1986-1999, 2001-2016 Xilinx, Inc. All Rights Reserved.
Running: D:/Vivado/Vivado/2017.4/bin/unwrapped/win64.o/xelab.exe -wto 96929745d3cb46869f9c499e4d4ee672 --incr --debug typical --relax --mt 2 -L xil_defaultlib -L unisims_ver -L unimacro_ver -L secureip --snapshot IOtest_behav xil_defaultlib.IOtest xil_defaultlib.glbl -log elaborate.log 
Using 2 slave threads.
Starting static elaboration
Completed static elaboration
Starting simulation data flow analysis
Completed simulation data flow analysis
Time Resolution for simulation is 1ps
Compiling module xil_defaultlib.ClkControl
Compiling module xil_defaultlib.ViewDecoder
Compiling module xil_defaultlib.Countdown
Compiling module xil_defaultlib.Counter4
Compiling module xil_defaultlib.Decoder
Compiling module xil_defaultlib.Counter10
Compiling module xil_defaultlib.LEDView
Compiling module xil_defaultlib.Comparer
Compiling module xil_defaultlib.IOtest
Compiling module xil_defaultlib.glbl
Built simulation snapshot IOtest_behav
